\BOOKMARK [0][-]{chapter.1}{\376\377\000H\000i\000e\000r\000a\000r\000c\000h\000i\000c\000a\000l\000\040\000I\000n\000d\000e\000x}{}% 1
\BOOKMARK [1][-]{section.1.1}{\376\377\000C\000l\000a\000s\000s\000\040\000H\000i\000e\000r\000a\000r\000c\000h\000y}{chapter.1}% 2
\BOOKMARK [0][-]{chapter.2}{\376\377\000C\000l\000a\000s\000s\000\040\000I\000n\000d\000e\000x}{}% 3
\BOOKMARK [1][-]{section.2.1}{\376\377\000C\000l\000a\000s\000s\000\040\000L\000i\000s\000t}{chapter.2}% 4
\BOOKMARK [0][-]{chapter.3}{\376\377\000F\000i\000l\000e\000\040\000I\000n\000d\000e\000x}{}% 5
\BOOKMARK [1][-]{section.3.1}{\376\377\000F\000i\000l\000e\000\040\000L\000i\000s\000t}{chapter.3}% 6
\BOOKMARK [0][-]{chapter.4}{\376\377\000C\000l\000a\000s\000s\000\040\000D\000o\000c\000u\000m\000e\000n\000t\000a\000t\000i\000o\000n}{}% 7
\BOOKMARK [1][-]{section.4.1}{\376\377\000F\000a\000c\000e\000\040\000C\000l\000a\000s\000s\000\040\000R\000e\000f\000e\000r\000e\000n\000c\000e}{chapter.4}% 8
\BOOKMARK [1][-]{section.4.2}{\376\377\000L\000i\000g\000h\000t\000\040\000C\000l\000a\000s\000s\000\040\000R\000e\000f\000e\000r\000e\000n\000c\000e}{chapter.4}% 9
\BOOKMARK [2][-]{subsection.4.2.1}{\376\377\000C\000o\000n\000s\000t\000r\000u\000c\000t\000o\000r\000\040\000\046\000\040\000D\000e\000s\000t\000r\000u\000c\000t\000o\000r\000\040\000D\000o\000c\000u\000m\000e\000n\000t\000a\000t\000i\000o\000n}{section.4.2}% 10
\BOOKMARK [3][-]{subsubsection.4.2.1.1}{\376\377\000L\000i\000g\000h\000t}{subsection.4.2.1}% 11
\BOOKMARK [2][-]{subsection.4.2.2}{\376\377\000M\000e\000m\000b\000e\000r\000\040\000F\000u\000n\000c\000t\000i\000o\000n\000\040\000D\000o\000c\000u\000m\000e\000n\000t\000a\000t\000i\000o\000n}{section.4.2}% 12
\BOOKMARK [3][-]{subsubsection.4.2.2.1}{\376\377\000i\000s\000O\000n}{subsection.4.2.2}% 13
\BOOKMARK [3][-]{subsubsection.4.2.2.2}{\376\377\000r\000e\000n\000d\000e\000r}{subsection.4.2.2}% 14
\BOOKMARK [3][-]{subsubsection.4.2.2.3}{\376\377\000s\000e\000t\000O\000n}{subsection.4.2.2}% 15
\BOOKMARK [3][-]{subsubsection.4.2.2.4}{\376\377\000s\000e\000t\000P\000o\000s\000i\000t\000i\000o\000n}{subsection.4.2.2}% 16
\BOOKMARK [1][-]{section.4.3}{\376\377\000M\000a\000t\000e\000r\000i\000a\000l\000\040\000C\000l\000a\000s\000s\000\040\000R\000e\000f\000e\000r\000e\000n\000c\000e}{chapter.4}% 17
\BOOKMARK [1][-]{section.4.4}{\376\377\000M\000e\000s\000h\000M\000o\000d\000e\000l\000\040\000C\000l\000a\000s\000s\000\040\000R\000e\000f\000e\000r\000e\000n\000c\000e}{chapter.4}% 18
\BOOKMARK [2][-]{subsection.4.4.1}{\376\377\000M\000e\000m\000b\000e\000r\000\040\000F\000u\000n\000c\000t\000i\000o\000n\000\040\000D\000o\000c\000u\000m\000e\000n\000t\000a\000t\000i\000o\000n}{section.4.4}% 19
\BOOKMARK [3][-]{subsubsection.4.4.1.1}{\376\377\000r\000e\000a\000d\000F\000i\000l\000e}{subsection.4.4.1}% 20
\BOOKMARK [1][-]{section.4.5}{\376\377\000M\000o\000d\000e\000l\000\040\000C\000l\000a\000s\000s\000\040\000R\000e\000f\000e\000r\000e\000n\000c\000e}{chapter.4}% 21
\BOOKMARK [2][-]{subsection.4.5.1}{\376\377\000M\000e\000m\000b\000e\000r\000\040\000F\000u\000n\000c\000t\000i\000o\000n\000\040\000D\000o\000c\000u\000m\000e\000n\000t\000a\000t\000i\000o\000n}{section.4.5}% 22
\BOOKMARK [3][-]{subsubsection.4.5.1.1}{\376\377\000r\000e\000n\000d\000e\000r}{subsection.4.5.1}% 23
\BOOKMARK [3][-]{subsubsection.4.5.1.2}{\376\377\000s\000e\000t\000W\000i\000r\000e\000F\000r\000a\000m\000e}{subsection.4.5.1}% 24
\BOOKMARK [1][-]{section.4.6}{\376\377\000N\000o\000r\000m\000a\000l\000\040\000C\000l\000a\000s\000s\000\040\000R\000e\000f\000e\000r\000e\000n\000c\000e}{chapter.4}% 25
\BOOKMARK [1][-]{section.4.7}{\376\377\000O\000b\000j\000e\000c\000t\000\040\000C\000l\000a\000s\000s\000\040\000R\000e\000f\000e\000r\000e\000n\000c\000e}{chapter.4}% 26
\BOOKMARK [1][-]{section.4.8}{\376\377\000O\000b\000j\000M\000o\000d\000e\000l\000\040\000C\000l\000a\000s\000s\000\040\000R\000e\000f\000e\000r\000e\000n\000c\000e}{chapter.4}% 27
\BOOKMARK [2][-]{subsection.4.8.1}{\376\377\000M\000e\000m\000b\000e\000r\000\040\000F\000u\000n\000c\000t\000i\000o\000n\000\040\000D\000o\000c\000u\000m\000e\000n\000t\000a\000t\000i\000o\000n}{section.4.8}% 28
\BOOKMARK [3][-]{subsubsection.4.8.1.1}{\376\377\000r\000e\000a\000d\000F\000i\000l\000e}{subsection.4.8.1}% 29
\BOOKMARK [3][-]{subsubsection.4.8.1.2}{\376\377\000r\000e\000n\000d\000e\000r}{subsection.4.8.1}% 30
\BOOKMARK [1][-]{section.4.9}{\376\377\000T\000e\000a\000p\000o\000t\000\040\000C\000l\000a\000s\000s\000\040\000R\000e\000f\000e\000r\000e\000n\000c\000e}{chapter.4}% 31
\BOOKMARK [2][-]{subsection.4.9.1}{\376\377\000C\000o\000n\000s\000t\000r\000u\000c\000t\000o\000r\000\040\000\046\000\040\000D\000e\000s\000t\000r\000u\000c\000t\000o\000r\000\040\000D\000o\000c\000u\000m\000e\000n\000t\000a\000t\000i\000o\000n}{section.4.9}% 32
\BOOKMARK [3][-]{subsubsection.4.9.1.1}{\376\377\000T\000e\000a\000p\000o\000t}{subsection.4.9.1}% 33
\BOOKMARK [1][-]{section.4.10}{\376\377\000T\000u\000r\000n\000t\000a\000b\000l\000e\000\040\000C\000l\000a\000s\000s\000\040\000R\000e\000f\000e\000r\000e\000n\000c\000e}{chapter.4}% 34
\BOOKMARK [2][-]{subsection.4.10.1}{\376\377\000C\000o\000n\000s\000t\000r\000u\000c\000t\000o\000r\000\040\000\046\000\040\000D\000e\000s\000t\000r\000u\000c\000t\000o\000r\000\040\000D\000o\000c\000u\000m\000e\000n\000t\000a\000t\000i\000o\000n}{section.4.10}% 35
\BOOKMARK [3][-]{subsubsection.4.10.1.1}{\376\377\000T\000u\000r\000n\000t\000a\000b\000l\000e}{subsection.4.10.1}% 36
\BOOKMARK [3][-]{subsubsection.4.10.1.2}{\376\377\000T\000u\000r\000n\000t\000a\000b\000l\000e}{subsection.4.10.1}% 37
\BOOKMARK [2][-]{subsection.4.10.2}{\376\377\000M\000e\000m\000b\000e\000r\000\040\000F\000u\000n\000c\000t\000i\000o\000n\000\040\000D\000o\000c\000u\000m\000e\000n\000t\000a\000t\000i\000o\000n}{section.4.10}% 38
\BOOKMARK [3][-]{subsubsection.4.10.2.1}{\376\377\000r\000e\000n\000d\000e\000r}{subsection.4.10.2}% 39
\BOOKMARK [1][-]{section.4.11}{\376\377\000V\000e\000r\000t\000e\000x\000\040\000C\000l\000a\000s\000s\000\040\000R\000e\000f\000e\000r\000e\000n\000c\000e}{chapter.4}% 40
\BOOKMARK [0][-]{chapter.5}{\376\377\000F\000i\000l\000e\000\040\000D\000o\000c\000u\000m\000e\000n\000t\000a\000t\000i\000o\000n}{}% 41
\BOOKMARK [1][-]{section.5.1}{\376\377\000l\000i\000g\000h\000t\000.\000h\000\040\000F\000i\000l\000e\000\040\000R\000e\000f\000e\000r\000e\000n\000c\000e}{chapter.5}% 42
\BOOKMARK [2][-]{subsection.5.1.1}{\376\377\000D\000e\000t\000a\000i\000l\000e\000d\000\040\000D\000e\000s\000c\000r\000i\000p\000t\000i\000o\000n}{section.5.1}% 43
\BOOKMARK [1][-]{section.5.2}{\376\377\000m\000a\000i\000n\000.\000c\000p\000p\000\040\000F\000i\000l\000e\000\040\000R\000e\000f\000e\000r\000e\000n\000c\000e}{chapter.5}% 44
\BOOKMARK [2][-]{subsection.5.2.1}{\376\377\000D\000e\000t\000a\000i\000l\000e\000d\000\040\000D\000e\000s\000c\000r\000i\000p\000t\000i\000o\000n}{section.5.2}% 45
\BOOKMARK [2][-]{subsection.5.2.2}{\376\377\000F\000u\000n\000c\000t\000i\000o\000n\000\040\000D\000o\000c\000u\000m\000e\000n\000t\000a\000t\000i\000o\000n}{section.5.2}% 46
\BOOKMARK [3][-]{subsubsection.5.2.2.1}{\376\377\000d\000r\000a\000w\000G\000r\000i\000d}{subsection.5.2.2}% 47
\BOOKMARK [3][-]{subsubsection.5.2.2.2}{\376\377\000i\000n\000i\000t}{subsection.5.2.2}% 48
\BOOKMARK [3][-]{subsubsection.5.2.2.3}{\376\377\000k\000e\000y\000b\000o\000a\000r\000d}{subsection.5.2.2}% 49
\BOOKMARK [3][-]{subsubsection.5.2.2.4}{\376\377\000m\000a\000i\000n}{subsection.5.2.2}% 50
\BOOKMARK [3][-]{subsubsection.5.2.2.5}{\376\377\000r\000e\000s\000h\000a\000p\000e}{subsection.5.2.2}% 51
\BOOKMARK [3][-]{subsubsection.5.2.2.6}{\376\377\000s\000p\000i\000n\000M\000e}{subsection.5.2.2}% 52
\BOOKMARK [1][-]{section.5.3}{\376\377\000m\000e\000s\000h\000m\000o\000d\000e\000l\000.\000h\000\040\000F\000i\000l\000e\000\040\000R\000e\000f\000e\000r\000e\000n\000c\000e}{chapter.5}% 53
\BOOKMARK [2][-]{subsection.5.3.1}{\376\377\000D\000e\000t\000a\000i\000l\000e\000d\000\040\000D\000e\000s\000c\000r\000i\000p\000t\000i\000o\000n}{section.5.3}% 54
\BOOKMARK [1][-]{section.5.4}{\376\377\000m\000o\000d\000e\000l\000.\000h\000\040\000F\000i\000l\000e\000\040\000R\000e\000f\000e\000r\000e\000n\000c\000e}{chapter.5}% 55
\BOOKMARK [2][-]{subsection.5.4.1}{\376\377\000D\000e\000t\000a\000i\000l\000e\000d\000\040\000D\000e\000s\000c\000r\000i\000p\000t\000i\000o\000n}{section.5.4}% 56
\BOOKMARK [1][-]{section.5.5}{\376\377\000o\000b\000j\000m\000o\000d\000e\000l\000.\000h\000\040\000F\000i\000l\000e\000\040\000R\000e\000f\000e\000r\000e\000n\000c\000e}{chapter.5}% 57
\BOOKMARK [2][-]{subsection.5.5.1}{\376\377\000D\000e\000t\000a\000i\000l\000e\000d\000\040\000D\000e\000s\000c\000r\000i\000p\000t\000i\000o\000n}{section.5.5}% 58
\BOOKMARK [1][-]{section.5.6}{\376\377\000t\000e\000a\000p\000o\000t\000.\000h\000\040\000F\000i\000l\000e\000\040\000R\000e\000f\000e\000r\000e\000n\000c\000e}{chapter.5}% 59
\BOOKMARK [2][-]{subsection.5.6.1}{\376\377\000D\000e\000t\000a\000i\000l\000e\000d\000\040\000D\000e\000s\000c\000r\000i\000p\000t\000i\000o\000n}{section.5.6}% 60
\BOOKMARK [1][-]{section.5.7}{\376\377\000t\000u\000r\000n\000t\000a\000b\000l\000e\000.\000h\000\040\000F\000i\000l\000e\000\040\000R\000e\000f\000e\000r\000e\000n\000c\000e}{chapter.5}% 61
\BOOKMARK [2][-]{subsection.5.7.1}{\376\377\000D\000e\000t\000a\000i\000l\000e\000d\000\040\000D\000e\000s\000c\000r\000i\000p\000t\000i\000o\000n}{section.5.7}% 62
